<?xml version="1.0" encoding="UTF-8"?>
<testsuite name="org.lpl.gradledemo.GradledemoApplicationTests" tests="1" skipped="0" failures="0" errors="0" timestamp="2019-04-16T10:25:57" hostname="xingshulindeMac-mini.local" time="0.278">
  <properties/>
  <testcase name="contextLoads" classname="org.lpl.gradledemo.GradledemoApplicationTests" time="0.278"/>
  <system-out><![CDATA[18:25:35.441 [Test worker] DEBUG org.springframework.test.context.junit4.SpringJUnit4ClassRunner - SpringJUnit4ClassRunner constructor called with [class org.lpl.gradledemo.GradledemoApplicationTests]
18:25:35.486 [Test worker] DEBUG org.springframework.test.context.BootstrapUtils - Instantiating CacheAwareContextLoaderDelegate from class [org.springframework.test.context.cache.DefaultCacheAwareContextLoaderDelegate]
18:25:35.507 [Test worker] DEBUG org.springframework.test.context.BootstrapUtils - Instantiating BootstrapContext using constructor [public org.springframework.test.context.support.DefaultBootstrapContext(java.lang.Class,org.springframework.test.context.CacheAwareContextLoaderDelegate)]
18:25:35.548 [Test worker] DEBUG org.springframework.test.context.BootstrapUtils - Instantiating TestContextBootstrapper for test class [org.lpl.gradledemo.GradledemoApplicationTests] from class [org.springframework.boot.test.context.SpringBootTestContextBootstrapper]
18:25:35.571 [Test worker] INFO org.springframework.boot.test.context.SpringBootTestContextBootstrapper - Neither @ContextConfiguration nor @ContextHierarchy found for test class [org.lpl.gradledemo.GradledemoApplicationTests], using SpringBootContextLoader
18:25:35.576 [Test worker] DEBUG org.springframework.test.context.support.AbstractContextLoader - Did not detect default resource location for test class [org.lpl.gradledemo.GradledemoApplicationTests]: class path resource [org/lpl/gradledemo/GradledemoApplicationTests-context.xml] does not exist
18:25:35.576 [Test worker] DEBUG org.springframework.test.context.support.AbstractContextLoader - Did not detect default resource location for test class [org.lpl.gradledemo.GradledemoApplicationTests]: class path resource [org/lpl/gradledemo/GradledemoApplicationTestsContext.groovy] does not exist
18:25:35.577 [Test worker] INFO org.springframework.test.context.support.AbstractContextLoader - Could not detect default resource locations for test class [org.lpl.gradledemo.GradledemoApplicationTests]: no resource found for suffixes {-context.xml, Context.groovy}.
18:25:35.578 [Test worker] INFO org.springframework.test.context.support.AnnotationConfigContextLoaderUtils - Could not detect default configuration classes for test class [org.lpl.gradledemo.GradledemoApplicationTests]: GradledemoApplicationTests does not declare any static, non-private, non-final, nested classes annotated with @Configuration.
18:25:35.680 [Test worker] DEBUG org.springframework.test.context.support.ActiveProfilesUtils - Could not find an 'annotation declaring class' for annotation type [org.springframework.test.context.ActiveProfiles] and class [org.lpl.gradledemo.GradledemoApplicationTests]
18:25:35.803 [Test worker] DEBUG org.springframework.context.annotation.ClassPathScanningCandidateComponentProvider - Identified candidate component class: file [/Users/xingshulin/Documents/ideaApp/gradledemo/build/classes/java/main/org/lpl/gradledemo/GradledemoApplication.class]
18:25:35.805 [Test worker] INFO org.springframework.boot.test.context.SpringBootTestContextBootstrapper - Found @SpringBootConfiguration org.lpl.gradledemo.GradledemoApplication for test class org.lpl.gradledemo.GradledemoApplicationTests
18:25:35.995 [Test worker] DEBUG org.springframework.boot.test.context.SpringBootTestContextBootstrapper - @TestExecutionListeners is not present for class [org.lpl.gradledemo.GradledemoApplicationTests]: using defaults.
18:25:35.996 [Test worker] INFO org.springframework.boot.test.context.SpringBootTestContextBootstrapper - Loaded default TestExecutionListener class names from location [META-INF/spring.factories]: [org.springframework.boot.test.autoconfigure.restdocs.RestDocsTestExecutionListener, org.springframework.boot.test.autoconfigure.web.client.MockRestServiceServerResetTestExecutionListener, org.springframework.boot.test.autoconfigure.web.servlet.MockMvcPrintOnlyOnFailureTestExecutionListener, org.springframework.boot.test.autoconfigure.web.servlet.WebDriverTestExecutionListener, org.springframework.boot.test.mock.mockito.MockitoTestExecutionListener, org.springframework.boot.test.mock.mockito.ResetMocksTestExecutionListener, org.springframework.test.context.web.ServletTestExecutionListener, org.springframework.test.context.support.DirtiesContextBeforeModesTestExecutionListener, org.springframework.test.context.support.DependencyInjectionTestExecutionListener, org.springframework.test.context.support.DirtiesContextTestExecutionListener, org.springframework.test.context.transaction.TransactionalTestExecutionListener, org.springframework.test.context.jdbc.SqlScriptsTestExecutionListener]
18:25:36.026 [Test worker] INFO org.springframework.boot.test.context.SpringBootTestContextBootstrapper - Using TestExecutionListeners: [org.springframework.test.context.web.ServletTestExecutionListener@27e78f93, org.springframework.test.context.support.DirtiesContextBeforeModesTestExecutionListener@4f245a69, org.springframework.boot.test.mock.mockito.MockitoTestExecutionListener@2fcea3d8, org.springframework.boot.test.autoconfigure.SpringBootDependencyInjectionTestExecutionListener@44c7b1f4, org.springframework.test.context.support.DirtiesContextTestExecutionListener@5f4725e8, org.springframework.test.context.transaction.TransactionalTestExecutionListener@32dddb7b, org.springframework.test.context.jdbc.SqlScriptsTestExecutionListener@68577e9b, org.springframework.boot.test.autoconfigure.restdocs.RestDocsTestExecutionListener@11e63a74, org.springframework.boot.test.autoconfigure.web.client.MockRestServiceServerResetTestExecutionListener@776835c5, org.springframework.boot.test.autoconfigure.web.servlet.MockMvcPrintOnlyOnFailureTestExecutionListener@2b322e50, org.springframework.boot.test.autoconfigure.web.servlet.WebDriverTestExecutionListener@78c23e0b, org.springframework.boot.test.mock.mockito.ResetMocksTestExecutionListener@58d78efd]
18:25:36.031 [Test worker] DEBUG org.springframework.test.annotation.ProfileValueUtils - Retrieved @ProfileValueSourceConfiguration [null] for test class [org.lpl.gradledemo.GradledemoApplicationTests]
18:25:36.033 [Test worker] DEBUG org.springframework.test.annotation.ProfileValueUtils - Retrieved ProfileValueSource type [class org.springframework.test.annotation.SystemProfileValueSource] for class [org.lpl.gradledemo.GradledemoApplicationTests]
18:25:36.035 [Test worker] DEBUG org.springframework.test.annotation.ProfileValueUtils - Retrieved @ProfileValueSourceConfiguration [null] for test class [org.lpl.gradledemo.GradledemoApplicationTests]
18:25:36.036 [Test worker] DEBUG org.springframework.test.annotation.ProfileValueUtils - Retrieved ProfileValueSource type [class org.springframework.test.annotation.SystemProfileValueSource] for class [org.lpl.gradledemo.GradledemoApplicationTests]
18:25:36.045 [Test worker] DEBUG org.springframework.test.context.support.AbstractDirtiesContextTestExecutionListener - Before test class: context [DefaultTestContext@5f933a0b testClass = GradledemoApplicationTests, testInstance = [null], testMethod = [null], testException = [null], mergedContextConfiguration = [WebMergedContextConfiguration@44372084 testClass = GradledemoApplicationTests, locations = '{}', classes = '{class org.lpl.gradledemo.GradledemoApplication}', contextInitializerClasses = '[]', activeProfiles = '{}', propertySourceLocations = '{}', propertySourceProperties = '{org.springframework.boot.test.context.SpringBootTestContextBootstrapper=true}', contextCustomizers = set[org.springframework.boot.test.autoconfigure.properties.PropertyMappingContextCustomizer@0, org.springframework.boot.test.autoconfigure.web.servlet.WebDriverContextCustomizerFactory$Customizer@411614ce, org.springframework.boot.test.context.filter.ExcludeFilterContextCustomizer@3edfb912, org.springframework.boot.test.json.DuplicateJsonObjectContextCustomizerFactory$DuplicateJsonObjectContextCustomizer@2c8128d2, org.springframework.boot.test.mock.mockito.MockitoContextCustomizer@0, org.springframework.boot.test.web.client.TestRestTemplateContextCustomizer@72e3b929], resourceBasePath = 'src/main/webapp', contextLoader = 'org.springframework.boot.test.context.SpringBootContextLoader', parent = [null]], attributes = map['org.springframework.test.context.web.ServletTestExecutionListener.activateListener' -> true]], class annotated with @DirtiesContext [false] with mode [null].
18:25:36.046 [Test worker] DEBUG org.springframework.test.annotation.ProfileValueUtils - Retrieved @ProfileValueSourceConfiguration [null] for test class [org.lpl.gradledemo.GradledemoApplicationTests]
18:25:36.047 [Test worker] DEBUG org.springframework.test.annotation.ProfileValueUtils - Retrieved ProfileValueSource type [class org.springframework.test.annotation.SystemProfileValueSource] for class [org.lpl.gradledemo.GradledemoApplicationTests]
18:25:36.073 [Test worker] DEBUG org.springframework.test.context.support.TestPropertySourceUtils - Adding inlined properties to environment: {spring.jmx.enabled=false, org.springframework.boot.test.context.SpringBootTestContextBootstrapper=true, server.port=-1}

  .   ____          _            __ _ _
 /\\ / ___'_ __ _ _(_)_ __  __ _ \ \ \ \
( ( )\___ | '_ | '_| | '_ \/ _` | \ \ \ \
 \\/  ___)| |_)| | | | | || (_| |  ) ) ) )
  '  |____| .__|_| |_|_| |_\__, | / / / /
 =========|_|==============|___/=/_/_/_/
 :: Spring Boot ::        (v2.1.4.RELEASE)

2019-04-16 18:25:51.685  INFO 87669 --- [    Test worker] o.l.g.GradledemoApplicationTests         : Starting GradledemoApplicationTests on xingshulindeMac-mini.local with PID 87669 (started by xingshulin in /Users/xingshulin/Documents/ideaApp/gradledemo)
2019-04-16 18:25:51.688  INFO 87669 --- [    Test worker] o.l.g.GradledemoApplicationTests         : No active profile set, falling back to default profiles: default
2019-04-16 18:25:53.254  INFO 87669 --- [    Test worker] .s.d.r.c.RepositoryConfigurationDelegate : Multiple Spring Data modules found, entering strict repository configuration mode!
2019-04-16 18:25:53.262  INFO 87669 --- [    Test worker] .s.d.r.c.RepositoryConfigurationDelegate : Bootstrapping Spring Data repositories in DEFAULT mode.
2019-04-16 18:25:53.335  INFO 87669 --- [    Test worker] .s.d.r.c.RepositoryConfigurationDelegate : Finished Spring Data repository scanning in 39ms. Found 0 repository interfaces.
2019-04-16 18:25:55.687  INFO 87669 --- [    Test worker] o.s.s.concurrent.ThreadPoolTaskExecutor  : Initializing ExecutorService 'applicationTaskExecutor'
2019-04-16 18:25:57.511  INFO 87669 --- [    Test worker] o.l.g.GradledemoApplicationTests         : Started GradledemoApplicationTests in 21.426 seconds (JVM running for 24.123)
]]></system-out>
  <system-err><![CDATA[]]></system-err>
</testsuite>
